build/outputs/logs/manifest-merger-debug-report.txt
-- Merging decision tree log ---
manifest
ADDED from git/SwimmingTrainingSystem/AndroidManifest.xml:2:1-113:12
	package
		ADDED from git/SwimmingTrainingSystem/AndroidManifest.xml:3:5-46
	android:versionName
		ADDED from git/SwimmingTrainingSystem/AndroidManifest.xml:5:5-30
	android:versionCode
		ADDED from git/SwimmingTrainingSystem/AndroidManifest.xml:4:5-28
		INJECTED from git/SwimmingTrainingSystem/AndroidManifest.xml
		INJECTED from git/SwimmingTrainingSystem/AndroidManifest.xml
	xmlns:android
		ADDED from git/SwimmingTrainingSystem/AndroidManifest.xml:2:11-69
uses-sdk
ADDED from git/SwimmingTrainingSystem/AndroidManifest.xml:7:5-9:41
MERGED from [SwimmingTrainingSystem:DragListview_library:unspecified] AndroidManifest.xml:7:5-9:40
	android:targetSdkVersion
		ADDED from git/SwimmingTrainingSystem/AndroidManifest.xml:9:9-38
	android:minSdkVersion
		ADDED from git/SwimmingTrainingSystem/AndroidManifest.xml:8:9-35
uses-permission#android.permission.WRITE_EXTERNAL_STORAGE
ADDED from git/SwimmingTrainingSystem/AndroidManifest.xml:11:5-81
	android:name
		ADDED from git/SwimmingTrainingSystem/AndroidManifest.xml:11:22-78
uses-permission#android.permission.INTERNET
ADDED from git/SwimmingTrainingSystem/AndroidManifest.xml:12:5-67
	android:name
		ADDED from git/SwimmingTrainingSystem/AndroidManifest.xml:12:22-64
application
ADDED from git/SwimmingTrainingSystem/AndroidManifest.xml:14:5-111:19
	android:label
		ADDED from git/SwimmingTrainingSystem/AndroidManifest.xml:18:9-41
	android:allowBackup
		ADDED from git/SwimmingTrainingSystem/AndroidManifest.xml:16:9-35
	android:icon
		ADDED from git/SwimmingTrainingSystem/AndroidManifest.xml:17:9-45
	android:theme
		ADDED from git/SwimmingTrainingSystem/AndroidManifest.xml:19:9-44
	android:name
		ADDED from git/SwimmingTrainingSystem/AndroidManifest.xml:15:9-78
activity#com.scnu.swimmingtrainingsystem.activity.WlecomeActivity
ADDED from git/SwimmingTrainingSystem/AndroidManifest.xml:20:9-30:20
	android:screenOrientation
		ADDED from git/SwimmingTrainingSystem/AndroidManifest.xml:23:13-49
	android:label
		ADDED from git/SwimmingTrainingSystem/AndroidManifest.xml:22:13-45
	android:theme
		ADDED from git/SwimmingTrainingSystem/AndroidManifest.xml:24:13-77
	android:name
		ADDED from git/SwimmingTrainingSystem/AndroidManifest.xml:21:13-84
intent-filter#android.intent.action.MAIN+android.intent.category.LAUNCHER
ADDED from git/SwimmingTrainingSystem/AndroidManifest.xml:25:13-29:29
action#android.intent.action.MAIN
ADDED from git/SwimmingTrainingSystem/AndroidManifest.xml:26:17-69
	android:name
		ADDED from git/SwimmingTrainingSystem/AndroidManifest.xml:26:25-66
category#android.intent.category.LAUNCHER
ADDED from git/SwimmingTrainingSystem/AndroidManifest.xml:28:17-77
	android:name
		ADDED from git/SwimmingTrainingSystem/AndroidManifest.xml:28:27-74
activity#com.scnu.swimmingtrainingsystem.activity.MainActivity
ADDED from git/SwimmingTrainingSystem/AndroidManifest.xml:31:9-35:20
	android:screenOrientation
		ADDED from git/SwimmingTrainingSystem/AndroidManifest.xml:34:13-49
	android:launchMode
		ADDED from git/SwimmingTrainingSystem/AndroidManifest.xml:33:13-44
	android:name
		ADDED from git/SwimmingTrainingSystem/AndroidManifest.xml:32:13-81
activity#com.scnu.swimmingtrainingsystem.activity.HomeActivity
ADDED from git/SwimmingTrainingSystem/AndroidManifest.xml:36:9-40:20
	android:screenOrientation
		ADDED from git/SwimmingTrainingSystem/AndroidManifest.xml:39:13-49
	android:launchMode
		ADDED from git/SwimmingTrainingSystem/AndroidManifest.xml:38:13-44
	android:name
		ADDED from git/SwimmingTrainingSystem/AndroidManifest.xml:37:13-81
activity#com.scnu.swimmingtrainingsystem.activity.LoginActivity
ADDED from git/SwimmingTrainingSystem/AndroidManifest.xml:41:9-45:20
	android:screenOrientation
		ADDED from git/SwimmingTrainingSystem/AndroidManifest.xml:44:13-49
	android:launchMode
		ADDED from git/SwimmingTrainingSystem/AndroidManifest.xml:43:13-44
	android:name
		ADDED from git/SwimmingTrainingSystem/AndroidManifest.xml:42:13-82
activity#com.scnu.swimmingtrainingsystem.activity.RegistAcyivity
ADDED from git/SwimmingTrainingSystem/AndroidManifest.xml:46:9-49:20
	android:screenOrientation
		ADDED from git/SwimmingTrainingSystem/AndroidManifest.xml:48:13-49
	android:name
		ADDED from git/SwimmingTrainingSystem/AndroidManifest.xml:47:13-83
activity#com.scnu.swimmingtrainingsystem.activity.TimerSettingActivity
ADDED from git/SwimmingTrainingSystem/AndroidManifest.xml:50:9-54:20
	android:screenOrientation
		ADDED from git/SwimmingTrainingSystem/AndroidManifest.xml:52:13-49
	android:windowSoftInputMode
		ADDED from git/SwimmingTrainingSystem/AndroidManifest.xml:53:13-73
	android:name
		ADDED from git/SwimmingTrainingSystem/AndroidManifest.xml:51:13-89
activity#com.scnu.swimmingtrainingsystem.activity.OtherFunctionActivity
ADDED from git/SwimmingTrainingSystem/AndroidManifest.xml:55:9-58:20
	android:screenOrientation
		ADDED from git/SwimmingTrainingSystem/AndroidManifest.xml:57:13-49
	android:name
		ADDED from git/SwimmingTrainingSystem/AndroidManifest.xml:56:13-90
activity#com.scnu.swimmingtrainingsystem.activity.AthleteActivity
ADDED from git/SwimmingTrainingSystem/AndroidManifest.xml:59:9-63:20
	android:screenOrientation
		ADDED from git/SwimmingTrainingSystem/AndroidManifest.xml:61:13-49
	android:theme
		ADDED from git/SwimmingTrainingSystem/AndroidManifest.xml:62:13-83
	android:name
		ADDED from git/SwimmingTrainingSystem/AndroidManifest.xml:60:13-84
activity#com.scnu.swimmingtrainingsystem.activity.TimerActivity
ADDED from git/SwimmingTrainingSystem/AndroidManifest.xml:64:9-68:20
	android:screenOrientation
		ADDED from git/SwimmingTrainingSystem/AndroidManifest.xml:66:13-49
	android:theme
		ADDED from git/SwimmingTrainingSystem/AndroidManifest.xml:67:13-60
	android:name
		ADDED from git/SwimmingTrainingSystem/AndroidManifest.xml:65:13-82
activity#com.scnu.swimmingtrainingsystem.activity.QueryScoreActivity
ADDED from git/SwimmingTrainingSystem/AndroidManifest.xml:69:9-72:20
	android:screenOrientation
		ADDED from git/SwimmingTrainingSystem/AndroidManifest.xml:71:13-49
	android:name
		ADDED from git/SwimmingTrainingSystem/AndroidManifest.xml:70:13-87
activity#com.scnu.swimmingtrainingsystem.activity.SettingActivity
ADDED from git/SwimmingTrainingSystem/AndroidManifest.xml:73:9-76:20
	android:screenOrientation
		ADDED from git/SwimmingTrainingSystem/AndroidManifest.xml:75:13-49
	android:name
		ADDED from git/SwimmingTrainingSystem/AndroidManifest.xml:74:13-84
activity#com.scnu.swimmingtrainingsystem.activity.MatchScoreActivity
ADDED from git/SwimmingTrainingSystem/AndroidManifest.xml:77:9-81:20
	android:screenOrientation
		ADDED from git/SwimmingTrainingSystem/AndroidManifest.xml:79:13-49
	android:windowSoftInputMode
		ADDED from git/SwimmingTrainingSystem/AndroidManifest.xml:80:13-73
	android:name
		ADDED from git/SwimmingTrainingSystem/AndroidManifest.xml:78:13-87
activity#com.scnu.swimmingtrainingsystem.activity.ShowScoreActivity
ADDED from git/SwimmingTrainingSystem/AndroidManifest.xml:82:9-85:20
	android:screenOrientation
		ADDED from git/SwimmingTrainingSystem/AndroidManifest.xml:84:13-49
	android:name
		ADDED from git/SwimmingTrainingSystem/AndroidManifest.xml:83:13-86
activity#com.scnu.swimmingtrainingsystem.activity.ModifyPassActivity
ADDED from git/SwimmingTrainingSystem/AndroidManifest.xml:86:9-89:20
	android:screenOrientation
		ADDED from git/SwimmingTrainingSystem/AndroidManifest.xml:88:13-49
	android:name
		ADDED from git/SwimmingTrainingSystem/AndroidManifest.xml:87:13-87
activity#com.scnu.swimmingtrainingsystem.activity.UseTipsActiviy
ADDED from git/SwimmingTrainingSystem/AndroidManifest.xml:90:9-93:20
	android:screenOrientation
		ADDED from git/SwimmingTrainingSystem/AndroidManifest.xml:92:13-49
	android:name
		ADDED from git/SwimmingTrainingSystem/AndroidManifest.xml:91:13-83
activity#com.scnu.swimmingtrainingsystem.activity.EachTimeScoreActivity
ADDED from git/SwimmingTrainingSystem/AndroidManifest.xml:94:9-98:20
	android:screenOrientation
		ADDED from git/SwimmingTrainingSystem/AndroidManifest.xml:96:13-49
	android:windowSoftInputMode
		ADDED from git/SwimmingTrainingSystem/AndroidManifest.xml:97:13-73
	android:name
		ADDED from git/SwimmingTrainingSystem/AndroidManifest.xml:95:13-90
activity#com.scnu.swimmingtrainingsystem.activity.SearchboxActivity
ADDED from git/SwimmingTrainingSystem/AndroidManifest.xml:99:9-102:20
	android:screenOrientation
		ADDED from git/SwimmingTrainingSystem/AndroidManifest.xml:101:13-49
	android:name
		ADDED from git/SwimmingTrainingSystem/AndroidManifest.xml:100:13-86
activity#com.scnu.swimmingtrainingsystem.activity.RetrievePasswordActivity
ADDED from git/SwimmingTrainingSystem/AndroidManifest.xml:103:9-106:20
	android:screenOrientation
		ADDED from git/SwimmingTrainingSystem/AndroidManifest.xml:105:13-49
	android:name
		ADDED from git/SwimmingTrainingSystem/AndroidManifest.xml:104:13-93
activity#com.scnu.swimmingtrainingsystem.activity.MatchSprintScoreActivity
ADDED from git/SwimmingTrainingSystem/AndroidManifest.xml:107:9-110:20
	android:screenOrientation
		ADDED from git/SwimmingTrainingSystem/AndroidManifest.xml:109:13-49
	android:name
		ADDED from git/SwimmingTrainingSystem/AndroidManifest.xml:108:13-93